<?xml version="1.0" encoding="UTF-8"?>
<beans xmlns="http://www.springframework.org/schema/beans" xmlns:xsi="http://www.w3.org/2001/XMLSchema-instance"
       xmlns:p="http://www.springframework.org/schema/p"
       xmlns:context="http://www.springframework.org/schema/context"
       xsi:schemaLocation="http://www.springframework.org/schema/beans http://www.springframework.org/schema/beans/spring-beans-4.0.xsd
       http://www.springframework.org/schema/context http://www.springframework.org/schema/context/spring-context-4.0.xsd">

    <context:property-placeholder location="classpath:test.properties"/>

    <!--    <bean id="redisServer" class="redis.embedded.RedisServer" init-method="start" destroy-method="stop" />-->

    <bean id="jedisConnFactory" class="org.springframework.data.redis.connection.jedis.JedisConnectionFactory" />
    <!--          p:port="${test.redis.port}"-->
    <!--          p:hostName="${test.redis.host}" /> -->
    <!--          p:usePool="true" depends-on="redisServer"/>-->

    <!-- redis template definition -->
    <bean id="redisTemplate"
          class="org.springframework.data.redis.core.RedisTemplate"
          p:connectionFactory-ref="jedisConnFactory"/>
</beans>
